{"name":"1619290821","hostname":"QuadTMO-008","pid":29580,"level":20,"msg":"Sync server version: 1.2.4 2020-09-14 17:52:19 -0500 0aa4a9d288d4ecef4183f4fafe59fb95da7ae967","time":"2021-04-24T19:00:21.116Z","v":0}
{"name":"1619290821","hostname":"QuadTMO-008","pid":29580,"level":30,"msg":"Acquiring actors for session 1619290821: ACTOR1","time":"2021-04-24T19:00:21.128Z","v":0}
{"name":"1619290821","hostname":"QuadTMO-008","pid":29580,"level":30,"msg":"Session 1619290821 with label \"sravani\" started at 2021-04-24 19:00:21 UTC","time":"2021-04-24T19:00:21.137Z","v":0}
{"name":"1619290821","hostname":"QuadTMO-008","pid":29580,"level":30,"actorType":"ACTOR1","actorId":"51975","time":"2021-04-24T19:00:22.512Z","msg":"Actor 51975 of type ACTOR1 was acquired by test session 1619290821","v":0}
{"name":"1619290821","hostname":"QuadTMO-008","pid":29580,"level":20,"actorType":"ACTOR1","actorId":"51975","time":"2021-04-24T19:00:22.555Z","msg":"DEBUG: Test actor JAR versions:","v":0}
{"name":"1619290821","hostname":"QuadTMO-008","pid":29580,"level":20,"actorType":"ACTOR1","actorId":"51975","time":"2021-04-24T19:00:22.559Z","msg":"DEBUG:   opentest-appium-0.0.1.jar: 2020-09-14 17:52 -0500 0.0.1-0aa4a9d288d4ecef4183f4fafe59fb95da7ae967","v":0}
{"name":"1619290821","hostname":"QuadTMO-008","pid":29580,"level":20,"actorType":"ACTOR1","actorId":"51975","time":"2021-04-24T19:00:22.56Z","msg":"DEBUG:   opentest-base-0.0.1.jar: 2020-09-14 17:52 -0500 0.0.1-0aa4a9d288d4ecef4183f4fafe59fb95da7ae967","v":0}
{"name":"1619290821","hostname":"QuadTMO-008","pid":29580,"level":20,"actorType":"ACTOR1","actorId":"51975","time":"2021-04-24T19:00:22.561Z","msg":"DEBUG:   opentest-selenium-0.0.1.jar: 2020-09-14 17:52 -0500 0.0.1-0aa4a9d288d4ecef4183f4fafe59fb95da7ae967","v":0}
{"name":"1619290821","hostname":"QuadTMO-008","pid":29580,"level":40,"actorType":"ACTOR1","actorId":"51975","time":"2021-04-24T19:00:22.565Z","msg":"WARN: Failed to log extension JARs","v":0}
{"name":"1619290821","hostname":"QuadTMO-008","pid":29580,"level":30,"actorType":"ACTOR1","actorId":"51975","time":"2021-04-24T19:00:22.806Z","msg":"==================== ACTOR1: web/Find the React repo on GitHub's website ====================","v":0}
{"name":"1619290821","hostname":"QuadTMO-008","pid":29580,"level":30,"actorType":"ACTOR1","actorId":"51975","time":"2021-04-24T19:00:22.812Z","msg":"Actor ACTOR1 started executing test web/Find the React repo on GitHub's website...","v":0}
{"name":"1619290821","hostname":"QuadTMO-008","pid":29580,"level":30,"actorType":"ACTOR1","actorId":"51975","time":"2021-04-24T19:00:22.927Z","msg":"Executing segment 1 of test web/Find the React repo on GitHub's website...","v":0}
{"name":"1619290821","hostname":"QuadTMO-008","pid":29580,"level":30,"actorType":"ACTOR1","actorId":"51975","time":"2021-04-24T19:00:22.934Z","msg":"Evaluating action 1/3 (org.getopentest.selenium.NavigateTo) in segment 1 (Navigate to the google homepage)...","v":0}
{"name":"1619290821","hostname":"QuadTMO-008","pid":29580,"level":10,"actorType":"ACTOR1","actorId":"51975","time":"2021-04-24T19:00:22.937Z","msg":"TRACE: Initializing action org.getopentest.selenium.NavigateTo...","v":0}
{"name":"1619290821","hostname":"QuadTMO-008","pid":29580,"level":30,"actorType":"ACTOR1","actorId":"51975","time":"2021-04-24T19:00:22.94Z","msg":"Using local Selenium server","v":0}
{"name":"1619290821","hostname":"QuadTMO-008","pid":29580,"level":10,"actorType":"ACTOR1","actorId":"51975","time":"2021-04-24T19:00:22.942Z","msg":"TRACE: Setting system property \"webdriver.chrome.driver\" to \"C:\\chromedriver\\chromedriver.exe\"","v":0}
{"name":"1619290821","hostname":"QuadTMO-008","pid":29580,"level":30,"actorType":"ACTOR1","actorId":"51975","time":"2021-04-24T19:00:24.801Z","msg":"Executing action org.getopentest.selenium.NavigateTo with arguments {\"url\":\"https://www.google.com\"}...","v":0}
{"name":"1619290821","hostname":"QuadTMO-008","pid":29580,"level":30,"actorType":"ACTOR1","actorId":"51975","time":"2021-04-24T19:00:26.42Z","msg":"Evaluating action 2/3 (org.getopentest.selenium.SendKeys) in segment 1 (Enter \"react\" in the search box)...","v":0}
{"name":"1619290821","hostname":"QuadTMO-008","pid":29580,"level":10,"actorType":"ACTOR1","actorId":"51975","time":"2021-04-24T19:00:26.422Z","msg":"TRACE: Initializing action org.getopentest.selenium.SendKeys...","v":0}
{"name":"1619290821","hostname":"QuadTMO-008","pid":29580,"level":30,"actorType":"ACTOR1","actorId":"51975","time":"2021-04-24T19:00:26.424Z","msg":"Executing action org.getopentest.selenium.SendKeys with arguments {\"text\":\"react\",\"locator\":{\"css\":\"input[name='q']\"},\"sendEnter\":true}...","v":0}
{"name":"1619290821","hostname":"QuadTMO-008","pid":29580,"level":30,"actorType":"ACTOR1","actorId":"51975","time":"2021-04-24T19:00:28.373Z","msg":"Evaluating action 3/3 (org.getopentest.selenium.Click) in segment 1 (Click the React link in the search results)...","v":0}
{"name":"1619290821","hostname":"QuadTMO-008","pid":29580,"level":10,"actorType":"ACTOR1","actorId":"51975","time":"2021-04-24T19:00:28.379Z","msg":"TRACE: Initializing action org.getopentest.selenium.Click...","v":0}
{"name":"1619290821","hostname":"QuadTMO-008","pid":29580,"level":30,"actorType":"ACTOR1","actorId":"51975","time":"2021-04-24T19:00:28.381Z","msg":"Executing action org.getopentest.selenium.Click with arguments {\"locator\":{\"css\":\"a[href='/facebook/react']\"}}...","v":0}
{"name":"1619290821","hostname":"QuadTMO-008","pid":29580,"level":30,"actorType":"ACTOR1","actorId":"51975","time":"2021-04-24T19:00:40.728Z","msg":"Captured screenshot at C:\\Users\\User1\\opentest\\actor1\\out\\screenshots\\SID1619290821_ACTOR1_T01_SG01_ST03_error.png","v":0}
{"name":"1619290821","hostname":"QuadTMO-008","pid":29580,"level":50,"actorType":"ACTOR1","actorId":"51975","time":"2021-04-24T19:00:40.767Z","msg":"ERROR: java.lang.Exception: Failed executing test web/Find the React repo on GitHub's website, segment 1\r\n\tat org.getopentest.base.TestActor.executeTestSegment(TestActor.java:2165)\r\n\tat org.getopentest.base.TestActor.runOneSession(TestActor.java:2981)\r\n\tat org.getopentest.base.TestActor.runOneSession(TestActor.java:3017)\r\n\tat org.getopentest.Main.main(Main.java:20)\r\nCaused by: java.lang.RuntimeException: There was an error while executing action no. 3 (org.getopentest.selenium.Click) in segment 1 of test web/Find the React repo on GitHub's website.\nThe action definition was:\n{\n  \"action\": \"org.getopentest.selenium.Click\",\n  \"args\": {\n    \"locator\": {\n      \"css\": \"a[href='/facebook/react']\"\n    }\n  },\n  \"description\": \"Click the React link in the search results\"\n}\r\n\tat org.getopentest.base.TestActor.executeTestSegment(TestActor.java:2123)\r\n\t... 3 more\r\nCaused by: java.lang.RuntimeException: Failed executing action org.getopentest.selenium.Click with arguments {\"locator\":{\"css\":\"a[href='/facebook/react']\"}}\r\n\tat org.getopentest.base.TestActor.executeActionByDef(TestActor.java:1821)\r\n\tat org.getopentest.base.TestActor.executeTestSegment(TestActor.java:2073)\r\n\t... 3 more\r\nCaused by: java.lang.RuntimeException: java.lang.RuntimeException: Failed clicking on element By.cssSelector: a[href='/facebook/react']\r\n\tat org.getopentest.base.TestActor.executeActionByClassName(TestActor.java:1626)\r\n\tat org.getopentest.base.TestActor.executeActionByDef(TestActor.java:1705)\r\n\t... 4 more\r\nCaused by: java.lang.RuntimeException: Failed clicking on element By.cssSelector: a[href='/facebook/react']\r\n\tat org.getopentest.selenium.Click.run(Click.java:34)\r\n\tat org.getopentest.base.TestActor.executeAction(TestActor.java:1527)\r\n\tat org.getopentest.base.TestActor.executeActionByClassName(TestActor.java:1603)\r\n\t... 5 more\r\nCaused by: org.openqa.selenium.TimeoutException: Expected condition failed: waiting for presence of element located by: By.cssSelector: a[href='/facebook/react'] (tried for 10 second(s) with 500 milliseconds interval)\r\n\tat org.openqa.selenium.support.ui.WebDriverWait.timeoutException(WebDriverWait.java:95)\r\n\tat org.openqa.selenium.support.ui.FluentWait.until(FluentWait.java:272)\r\n\tat org.getopentest.selenium.core.SeleniumTestAction.getElement(SeleniumTestAction.java:58)\r\n\tat org.getopentest.selenium.core.SeleniumTestAction.getElement(SeleniumTestAction.java:50)\r\n\tat org.getopentest.selenium.Click.run(Click.java:29)\r\n\t... 7 more\r\nCaused by: org.openqa.selenium.NoSuchElementException: no such element: Unable to locate element: {\"method\":\"css selector\",\"selector\":\"a[href='/facebook/react']\"}\n  (Session info: chrome=89.0.4389.128)\nFor documentation on this error, please visit: https://www.seleniumhq.org/exceptions/no_such_element.html\nBuild info: version: '3.141.59', revision: 'e82be7d358', time: '2018-11-14T08:17:03'\nSystem info: host: 'QUADTMO-008', ip: '192.168.0.5', os.name: 'Windows 10', os.arch: 'amd64', os.version: '10.0', java.version: '1.8.0_241'\nDriver info: org.openqa.selenium.chrome.ChromeDriver\nCapabilities {acceptInsecureCerts: false, browserName: chrome, browserVersion: 89.0.4389.128, chrome: {chromedriverVersion: 89.0.4389.23 (61b08ee2c5002..., userDataDir: C:\\Users\\User1\\AppData\\Loca...}, goog:chromeOptions: {debuggerAddress: localhost:50232}, javascriptEnabled: true, networkConnectionEnabled: false, pageLoadStrategy: normal, platform: WINDOWS, platformName: WINDOWS, proxy: Proxy(), setWindowRect: true, strictFileInteractability: false, timeouts: {implicit: 0, pageLoad: 300000, script: 30000}, unhandledPromptBehavior: dismiss and notify, webauthn:extension:largeBlob: true, webauthn:virtualAuthenticators: true}\nSession ID: c31858e3320b9324ddea25ac852b1a07\n*** Element info: {Using=css selector, value=a[href='/facebook/react']}\r\n\tat sun.reflect.GeneratedConstructorAccessor13.newInstance(Unknown Source)\r\n\tat sun.reflect.DelegatingConstructorAccessorImpl.newInstance(Unknown Source)\r\n\tat java.lang.reflect.Constructor.newInstance(Unknown Source)\r\n\tat org.openqa.selenium.remote.http.W3CHttpResponseCodec.createException(W3CHttpResponseCodec.java:187)\r\n\tat org.openqa.selenium.remote.http.W3CHttpResponseCodec.decode(W3CHttpResponseCodec.java:122)\r\n\tat org.openqa.selenium.remote.http.W3CHttpResponseCodec.decode(W3CHttpResponseCodec.java:49)\r\n\tat org.openqa.selenium.remote.HttpCommandExecutor.execute(HttpCommandExecutor.java:158)\r\n\tat org.openqa.selenium.remote.service.DriverCommandExecutor.execute(DriverCommandExecutor.java:83)\r\n\tat org.openqa.selenium.remote.RemoteWebDriver.execute(RemoteWebDriver.java:552)\r\n\tat org.openqa.selenium.remote.RemoteWebDriver.findElement(RemoteWebDriver.java:323)\r\n\tat org.openqa.selenium.remote.RemoteWebDriver.findElementByCssSelector(RemoteWebDriver.java:420)\r\n\tat org.openqa.selenium.By$ByCssSelector.findElement(By.java:431)\r\n\tat org.openqa.selenium.remote.RemoteWebDriver.findElement(RemoteWebDriver.java:315)\r\n\tat org.openqa.selenium.support.ui.ExpectedConditions$6.apply(ExpectedConditions.java:182)\r\n\tat org.openqa.selenium.support.ui.ExpectedConditions$6.apply(ExpectedConditions.java:179)\r\n\tat org.openqa.selenium.support.ui.FluentWait.until(FluentWait.java:249)\r\n\t... 10 more\r\n","v":0}
{"name":"1619290821","hostname":"QuadTMO-008","pid":29580,"level":30,"actorType":"ACTOR1","actorId":"51975","time":"2021-04-24T19:00:41.318Z","msg":"Test session has completed","v":0}
{"name":"1619290821","hostname":"QuadTMO-008","pid":29580,"level":10,"actorType":"ACTOR1","actorId":"51975","time":"2021-04-24T19:00:41.32Z","msg":"TRACE: Firing TEST_COMPLETED event...","v":0}
{"name":"1619290821","hostname":"QuadTMO-008","pid":29580,"level":10,"actorType":"ACTOR1","actorId":"51975","time":"2021-04-24T19:00:42.661Z","msg":"TRACE: Firing SESSION_COMPLETED event...","v":0}
{"name":"1619290821","hostname":"QuadTMO-008","pid":29580,"level":30,"actorType":"ACTOR1","actorId":"51975","time":"2021-04-24T19:00:42.665Z","msg":"Actor 51975 of type ACTOR1 with no tags is waiting to be acquired by a test session...","v":0}
{"name":"1619290821","hostname":"QuadTMO-008","pid":29580,"level":10,"actorType":"ACTOR1","actorId":"51975","time":"2021-04-24T19:01:17.556Z","msg":"TRACE: Initializing test session information in the \"announce\" method...","v":0}
{"name":"1619290821","hostname":"QuadTMO-008","pid":29580,"level":10,"actorType":"ACTOR1","actorId":"51975","time":"2021-04-24T19:01:17.557Z","msg":"TRACE: Session ID in sync server response was 1619290875; actor session ID was null","v":0}
