{"name":"1619290656","hostname":"QuadTMO-008","pid":29580,"level":20,"msg":"Sync server version: 1.2.4 2020-09-14 17:52:19 -0500 0aa4a9d288d4ecef4183f4fafe59fb95da7ae967","time":"2021-04-24T18:57:35.547Z","v":0}
{"name":"1619290656","hostname":"QuadTMO-008","pid":29580,"level":30,"msg":"Acquiring actors for session 1619290656: ACTOR1","time":"2021-04-24T18:57:35.601Z","v":0}
{"name":"1619290656","hostname":"QuadTMO-008","pid":29580,"level":30,"msg":"Session 1619290656 with label \"t\" started at 2021-04-24 18:57:35 UTC","time":"2021-04-24T18:57:35.616Z","v":0}
{"name":"1619290656","hostname":"QuadTMO-008","pid":29580,"level":30,"actorType":"ACTOR1","actorId":"51975","time":"2021-04-24T18:57:37.095Z","msg":"Actor 51975 of type ACTOR1 was acquired by test session 1619290656","v":0}
{"name":"1619290656","hostname":"QuadTMO-008","pid":29580,"level":20,"actorType":"ACTOR1","actorId":"51975","time":"2021-04-24T18:57:37.152Z","msg":"DEBUG: Test actor JAR versions:","v":0}
{"name":"1619290656","hostname":"QuadTMO-008","pid":29580,"level":20,"actorType":"ACTOR1","actorId":"51975","time":"2021-04-24T18:57:37.158Z","msg":"DEBUG:   opentest-appium-0.0.1.jar: 2020-09-14 17:52 -0500 0.0.1-0aa4a9d288d4ecef4183f4fafe59fb95da7ae967","v":0}
{"name":"1619290656","hostname":"QuadTMO-008","pid":29580,"level":20,"actorType":"ACTOR1","actorId":"51975","time":"2021-04-24T18:57:37.159Z","msg":"DEBUG:   opentest-base-0.0.1.jar: 2020-09-14 17:52 -0500 0.0.1-0aa4a9d288d4ecef4183f4fafe59fb95da7ae967","v":0}
{"name":"1619290656","hostname":"QuadTMO-008","pid":29580,"level":20,"actorType":"ACTOR1","actorId":"51975","time":"2021-04-24T18:57:37.161Z","msg":"DEBUG:   opentest-selenium-0.0.1.jar: 2020-09-14 17:52 -0500 0.0.1-0aa4a9d288d4ecef4183f4fafe59fb95da7ae967","v":0}
{"name":"1619290656","hostname":"QuadTMO-008","pid":29580,"level":40,"actorType":"ACTOR1","actorId":"51975","time":"2021-04-24T18:57:37.164Z","msg":"WARN: Failed to log extension JARs","v":0}
{"name":"1619290656","hostname":"QuadTMO-008","pid":29580,"level":30,"actorType":"ACTOR1","actorId":"51975","time":"2021-04-24T18:57:37.493Z","msg":"==================== ACTOR1: web/Find the React repo on GitHub's website ====================","v":0}
{"name":"1619290656","hostname":"QuadTMO-008","pid":29580,"level":30,"actorType":"ACTOR1","actorId":"51975","time":"2021-04-24T18:57:37.494Z","msg":"Actor ACTOR1 started executing test web/Find the React repo on GitHub's website...","v":0}
{"name":"1619290656","hostname":"QuadTMO-008","pid":29580,"level":30,"actorType":"ACTOR1","actorId":"51975","time":"2021-04-24T18:57:37.595Z","msg":"Executing segment 1 of test web/Find the React repo on GitHub's website...","v":0}
{"name":"1619290656","hostname":"QuadTMO-008","pid":29580,"level":30,"actorType":"ACTOR1","actorId":"51975","time":"2021-04-24T18:57:37.595Z","msg":"Evaluating action 1/4 (org.getopentest.selenium.NavigateTo) in segment 1 (Navigate to the google homepage)...","v":0}
{"name":"1619290656","hostname":"QuadTMO-008","pid":29580,"level":10,"actorType":"ACTOR1","actorId":"51975","time":"2021-04-24T18:57:37.62Z","msg":"TRACE: Initializing action org.getopentest.selenium.NavigateTo...","v":0}
{"name":"1619290656","hostname":"QuadTMO-008","pid":29580,"level":30,"actorType":"ACTOR1","actorId":"51975","time":"2021-04-24T18:57:37.636Z","msg":"Loading configuration from \"C:\\Users\\User1\\opentest\\actor1\\actor.yaml\"","v":0}
{"name":"1619290656","hostname":"QuadTMO-008","pid":29580,"level":30,"actorType":"ACTOR1","actorId":"51975","time":"2021-04-24T18:57:37.666Z","msg":"Using local Selenium server","v":0}
{"name":"1619290656","hostname":"QuadTMO-008","pid":29580,"level":10,"actorType":"ACTOR1","actorId":"51975","time":"2021-04-24T18:57:37.674Z","msg":"TRACE: Setting system property \"webdriver.chrome.driver\" to \"C:\\chromedriver\\chromedriver.exe\"","v":0}
{"name":"1619290656","hostname":"QuadTMO-008","pid":29580,"level":30,"actorType":"ACTOR1","actorId":"51975","time":"2021-04-24T18:57:42.556Z","msg":"Executing action org.getopentest.selenium.NavigateTo with arguments {\"url\":\"https://www.google.com\"}...","v":0}
{"name":"1619290656","hostname":"QuadTMO-008","pid":29580,"level":30,"actorType":"ACTOR1","actorId":"51975","time":"2021-04-24T18:57:43.607Z","msg":"Evaluating action 2/4 (org.getopentest.selenium.SendKeys) in segment 1 (Enter \"react\" in the search box)...","v":0}
{"name":"1619290656","hostname":"QuadTMO-008","pid":29580,"level":10,"actorType":"ACTOR1","actorId":"51975","time":"2021-04-24T18:57:43.609Z","msg":"TRACE: Initializing action org.getopentest.selenium.SendKeys...","v":0}
{"name":"1619290656","hostname":"QuadTMO-008","pid":29580,"level":30,"actorType":"ACTOR1","actorId":"51975","time":"2021-04-24T18:57:43.612Z","msg":"Executing action org.getopentest.selenium.SendKeys with arguments {\"text\":\"react\",\"locator\":{\"css\":\"input[name='q']\"},\"sendEnter\":true}...","v":0}
{"name":"1619290656","hostname":"QuadTMO-008","pid":29580,"level":30,"actorType":"ACTOR1","actorId":"51975","time":"2021-04-24T18:57:47.061Z","msg":"Evaluating action 3/4 (org.getopentest.selenium.Click) in segment 1 (Click the React link in the search results)...","v":0}
{"name":"1619290656","hostname":"QuadTMO-008","pid":29580,"level":10,"actorType":"ACTOR1","actorId":"51975","time":"2021-04-24T18:57:47.068Z","msg":"TRACE: Initializing action org.getopentest.selenium.Click...","v":0}
{"name":"1619290656","hostname":"QuadTMO-008","pid":29580,"level":30,"actorType":"ACTOR1","actorId":"51975","time":"2021-04-24T18:57:47.071Z","msg":"Executing action org.getopentest.selenium.Click with arguments {\"locator\":{\"css\":\"a[href='/facebook/react']\"}}...","v":0}
{"name":"1619290656","hostname":"QuadTMO-008","pid":29580,"level":30,"actorType":"ACTOR1","actorId":"51975","time":"2021-04-24T18:57:59.407Z","msg":"Captured screenshot at C:\\Users\\User1\\opentest\\actor1\\out\\screenshots\\SID1619290656_ACTOR1_T01_SG01_ST03_error.png","v":0}
{"name":"1619290656","hostname":"QuadTMO-008","pid":29580,"level":50,"actorType":"ACTOR1","actorId":"51975","time":"2021-04-24T18:57:59.539Z","msg":"ERROR: java.lang.Exception: Failed executing test web/Find the React repo on GitHub's website, segment 1\r\n\tat org.getopentest.base.TestActor.executeTestSegment(TestActor.java:2165)\r\n\tat org.getopentest.base.TestActor.runOneSession(TestActor.java:2981)\r\n\tat org.getopentest.base.TestActor.runOneSession(TestActor.java:3017)\r\n\tat org.getopentest.Main.main(Main.java:20)\r\nCaused by: java.lang.RuntimeException: There was an error while executing action no. 3 (org.getopentest.selenium.Click) in segment 1 of test web/Find the React repo on GitHub's website.\nThe action definition was:\n{\n  \"action\": \"org.getopentest.selenium.Click\",\n  \"args\": {\n    \"locator\": {\n      \"css\": \"a[href='/facebook/react']\"\n    }\n  },\n  \"description\": \"Click the React link in the search results\"\n}\r\n\tat org.getopentest.base.TestActor.executeTestSegment(TestActor.java:2123)\r\n\t... 3 more\r\nCaused by: java.lang.RuntimeException: Failed executing action org.getopentest.selenium.Click with arguments {\"locator\":{\"css\":\"a[href='/facebook/react']\"}}\r\n\tat org.getopentest.base.TestActor.executeActionByDef(TestActor.java:1821)\r\n\tat org.getopentest.base.TestActor.executeTestSegment(TestActor.java:2073)\r\n\t... 3 more\r\nCaused by: java.lang.RuntimeException: java.lang.RuntimeException: Failed clicking on element By.cssSelector: a[href='/facebook/react']\r\n\tat org.getopentest.base.TestActor.executeActionByClassName(TestActor.java:1626)\r\n\tat org.getopentest.base.TestActor.executeActionByDef(TestActor.java:1705)\r\n\t... 4 more\r\nCaused by: java.lang.RuntimeException: Failed clicking on element By.cssSelector: a[href='/facebook/react']\r\n\tat org.getopentest.selenium.Click.run(Click.java:34)\r\n\tat org.getopentest.base.TestActor.executeAction(TestActor.java:1527)\r\n\tat org.getopentest.base.TestActor.executeActionByClassName(TestActor.java:1603)\r\n\t... 5 more\r\nCaused by: org.openqa.selenium.TimeoutException: Expected condition failed: waiting for presence of element located by: By.cssSelector: a[href='/facebook/react'] (tried for 10 second(s) with 500 milliseconds interval)\r\n\tat org.openqa.selenium.support.ui.WebDriverWait.timeoutException(WebDriverWait.java:95)\r\n\tat org.openqa.selenium.support.ui.FluentWait.until(FluentWait.java:272)\r\n\tat org.getopentest.selenium.core.SeleniumTestAction.getElement(SeleniumTestAction.java:58)\r\n\tat org.getopentest.selenium.core.SeleniumTestAction.getElement(SeleniumTestAction.java:50)\r\n\tat org.getopentest.selenium.Click.run(Click.java:29)\r\n\t... 7 more\r\nCaused by: org.openqa.selenium.NoSuchElementException: no such element: Unable to locate element: {\"method\":\"css selector\",\"selector\":\"a[href='/facebook/react']\"}\n  (Session info: chrome=89.0.4389.128)\nFor documentation on this error, please visit: https://www.seleniumhq.org/exceptions/no_such_element.html\nBuild info: version: '3.141.59', revision: 'e82be7d358', time: '2018-11-14T08:17:03'\nSystem info: host: 'QUADTMO-008', ip: '192.168.0.5', os.name: 'Windows 10', os.arch: 'amd64', os.version: '10.0', java.version: '1.8.0_241'\nDriver info: org.openqa.selenium.chrome.ChromeDriver\nCapabilities {acceptInsecureCerts: false, browserName: chrome, browserVersion: 89.0.4389.128, chrome: {chromedriverVersion: 89.0.4389.23 (61b08ee2c5002..., userDataDir: C:\\Users\\User1\\AppData\\Loca...}, goog:chromeOptions: {debuggerAddress: localhost:49963}, javascriptEnabled: true, networkConnectionEnabled: false, pageLoadStrategy: normal, platform: WINDOWS, platformName: WINDOWS, proxy: Proxy(), setWindowRect: true, strictFileInteractability: false, timeouts: {implicit: 0, pageLoad: 300000, script: 30000}, unhandledPromptBehavior: dismiss and notify, webauthn:extension:largeBlob: true, webauthn:virtualAuthenticators: true}\nSession ID: ebc5d72f4ed971b6d81b287e44ca04cf\n*** Element info: {Using=css selector, value=a[href='/facebook/react']}\r\n\tat sun.reflect.GeneratedConstructorAccessor13.newInstance(Unknown Source)\r\n\tat sun.reflect.DelegatingConstructorAccessorImpl.newInstance(Unknown Source)\r\n\tat java.lang.reflect.Constructor.newInstance(Unknown Source)\r\n\tat org.openqa.selenium.remote.http.W3CHttpResponseCodec.createException(W3CHttpResponseCodec.java:187)\r\n\tat org.openqa.selenium.remote.http.W3CHttpResponseCodec.decode(W3CHttpResponseCodec.java:122)\r\n\tat org.openqa.selenium.remote.http.W3CHttpResponseCodec.decode(W3CHttpResponseCodec.java:49)\r\n\tat org.openqa.selenium.remote.HttpCommandExecutor.execute(HttpCommandExecutor.java:158)\r\n\tat org.openqa.selenium.remote.service.DriverCommandExecutor.execute(DriverCommandExecutor.java:83)\r\n\tat org.openqa.selenium.remote.RemoteWebDriver.execute(RemoteWebDriver.java:552)\r\n\tat org.openqa.selenium.remote.RemoteWebDriver.findElement(RemoteWebDriver.java:323)\r\n\tat org.openqa.selenium.remote.RemoteWebDriver.findElementByCssSelector(RemoteWebDriver.java:420)\r\n\tat org.openqa.selenium.By$ByCssSelector.findElement(By.java:431)\r\n\tat org.openqa.selenium.remote.RemoteWebDriver.findElement(RemoteWebDriver.java:315)\r\n\tat org.openqa.selenium.support.ui.ExpectedConditions$6.apply(ExpectedConditions.java:182)\r\n\tat org.openqa.selenium.support.ui.ExpectedConditions$6.apply(ExpectedConditions.java:179)\r\n\tat org.openqa.selenium.support.ui.FluentWait.until(FluentWait.java:249)\r\n\t... 10 more\r\n","v":0}
{"name":"1619290656","hostname":"QuadTMO-008","pid":29580,"level":30,"actorType":"ACTOR1","actorId":"51975","time":"2021-04-24T18:58:00.076Z","msg":"Test session has completed","v":0}
{"name":"1619290656","hostname":"QuadTMO-008","pid":29580,"level":10,"actorType":"ACTOR1","actorId":"51975","time":"2021-04-24T18:58:00.077Z","msg":"TRACE: Firing TEST_COMPLETED event...","v":0}
{"name":"1619290656","hostname":"QuadTMO-008","pid":29580,"level":20,"actorType":"ACTOR1","actorId":"51975","time":"2021-04-24T18:58:00.096Z","msg":"DEBUG: The browser log entries were: \n >>>>> LEVEL: SEVERE | TIMESTAMP: 1619290666805 | MESSAGE: https://www.google.com/xjs/_/js/k=xjs.s.en_US.f_guYh62t-c.O/m=ZyRBae,cdos,dpf,hsm,jsa,d,csi/am=goEIAAAMKUSgAAkAAAAACIACINlNBQBqngEAEMEIKExKJAAAAJjAPiDnvwkAXGATAwAAAAAAAnAJNEoFSBQEIAAAAICsrk6GKEAB/d=1/ed=1/dg=2/br=1/rs=ACT90oGRdHV1tAZwkD78l4Tpgi_ysNVwDw 604:320 Uncaught TypeError: Cannot read property 'setAttribute' of null","v":0}
{"name":"1619290656","hostname":"QuadTMO-008","pid":29580,"level":10,"actorType":"ACTOR1","actorId":"51975","time":"2021-04-24T18:58:01.3Z","msg":"TRACE: Firing SESSION_COMPLETED event...","v":0}
{"name":"1619290656","hostname":"QuadTMO-008","pid":29580,"level":30,"actorType":"ACTOR1","actorId":"51975","time":"2021-04-24T18:58:01.302Z","msg":"Actor 51975 of type ACTOR1 with no tags is waiting to be acquired by a test session...","v":0}
{"name":"1619290656","hostname":"QuadTMO-008","pid":29580,"level":10,"actorType":"ACTOR1","actorId":"51975","time":"2021-04-24T18:59:52.1Z","msg":"TRACE: Initializing test session information in the \"announce\" method...","v":0}
{"name":"1619290656","hostname":"QuadTMO-008","pid":29580,"level":10,"actorType":"ACTOR1","actorId":"51975","time":"2021-04-24T18:59:52.103Z","msg":"TRACE: Session ID in sync server response was 1619290791; actor session ID was null","v":0}
{"name":"1619290656","hostname":"QuadTMO-008","pid":29580,"level":20,"actorType":"ACTOR1","actorId":"51975","time":"2021-04-24T19:00:11.368Z","msg":"DEBUG: The browser log entries were: \n >>>>> LEVEL: SEVERE | TIMESTAMP: 1619290799929 | MESSAGE: https://www.google.com/xjs/_/js/k=xjs.s.en_US.f_guYh62t-c.O/m=ZyRBae,cdos,dpf,hsm,jsa,d,csi/am=goEIAAAMKUSgAAkAAAAACIACINlNBSBqngEAEMEIKExKJAAAAJjAPiDnvwkAXGATAwAAAAAAAnAJNEoFSBQEIAAAAICsrk6GKEAB/d=1/ed=1/dg=2/br=1/rs=ACT90oFIJmokD85vqmcLAJK0N2Gw-gNbyg 604:320 Uncaught TypeError: Cannot read property 'setAttribute' of null","v":0}
{"name":"1619290656","hostname":"QuadTMO-008","pid":29580,"level":20,"actorType":"ACTOR1","actorId":"51975","time":"2021-04-24T19:00:41.346Z","msg":"DEBUG: The browser log entries were: \n >>>>> LEVEL: SEVERE | TIMESTAMP: 1619290829580 | MESSAGE: https://www.google.com/xjs/_/js/k=xjs.s.en_US.f_guYh62t-c.O/m=ZyRBae,cdos,dpf,hsm,jsa,d,csi/am=goEIAAAMKWSgAAkAAAAACIACINlNBQBqHgAAEMEIKExKJAAAAJjAPiDnvwkAXGATAwAAAAAAAnAJNEoFSBQEIAAAAICsrk6GKEAB/d=1/ed=1/dg=2/br=1/rs=ACT90oETJup-kOtESwO6fPdk3XGy5RyMzQ 604:320 Uncaught TypeError: Cannot read property 'setAttribute' of null","v":0}
{"name":"1619290656","hostname":"QuadTMO-008","pid":29580,"level":30,"actorType":"ACTOR1","actorId":"51975","time":"2021-04-24T19:01:23.794Z","msg":"There were no entries in the browser log. ","v":0}
